
=== condition: demos ===
  loaded 500 examples  |  LR=1.00e-04  |  rank=32  |  bs=4
  step=  10  n=  40  loss=-12.2321
  step=  20  n=  80  loss=-11.9623
  step=  25  n= 100  loss=-11.9602  -> save c3po-final_20260424-demos-n100
  step=  30  n= 120  loss=-12.1084
  step=  40  n= 160  loss=-12.3627
  step=  50  n= 200  loss=-12.0829  -> save c3po-final_20260424-demos-n200
  step=  60  n= 240  loss=-11.9968
  step=  70  n= 280  loss=-11.9642
  step=  75  n= 300  loss=-12.0120  -> save c3po-final_20260424-demos-n300
  step=  80  n= 320  loss=-11.9004
  step=  90  n= 360  loss=-12.0380
  step= 100  n= 400  loss=-12.1900  -> save c3po-final_20260424-demos-n400
  step= 110  n= 440  loss=-12.2975
  step= 120  n= 480  loss=-12.4184
  step= 125  n= 500  loss=-12.3232  -> save c3po-final_20260424-demos-n500
  done demos; train log at /Users/ella/code-ws/personal/SFT-C3PO/src/data/train_log_final_20260424_demos.jsonl; checkpoint manifest at /Users/ella/code-ws/personal/SFT-C3PO/src/data/checkpoint_manifest_final_20260424_demos.jsonl

=== condition: first_person ===
  loaded 500 examples  |  LR=1.00e-04  |  rank=32  |  bs=4
  step=  10  n=  40  loss=-8.0270
  step=  20  n=  80  loss=-6.3962
  step=  25  n= 100  loss=-10.0859  -> save c3po-final_20260424-first_person-n100
  step=  30  n= 120  loss=-5.4250
  step=  40  n= 160  loss=-4.9265
  step=  50  n= 200  loss=-1.9351  -> save c3po-final_20260424-first_person-n200
  step=  60  n= 240  loss=-0.8294
  step=  70  n= 280  loss=-1.5859
  step=  75  n= 300  loss=-2.6398  -> save c3po-final_20260424-first_person-n300
  step=  80  n= 320  loss=-1.1417
  step=  90  n= 360  loss=-1.4995
  step= 100  n= 400  loss=-1.1312  -> save c3po-final_20260424-first_person-n400
  step= 110  n= 440  loss=-1.8880
  step= 120  n= 480  loss=-4.1437
  step= 125  n= 500  loss=-1.1127  -> save c3po-final_20260424-first_person-n500
  done first_person; train log at /Users/ella/code-ws/personal/SFT-C3PO/src/data/train_log_final_20260424_first_person.jsonl; checkpoint manifest at /Users/ella/code-ws/personal/SFT-C3PO/src/data/checkpoint_manifest_final_20260424_first_person.jsonl

=== condition: sdf ===
  loaded 500 examples  |  LR=1.00e-04  |  rank=32  |  bs=4
  step=  10  n=  40  loss=-2.0371
  step=  20  n=  80  loss=-0.6027
  step=  25  n= 100  loss=-4.0576  -> save c3po-final_20260424-sdf-n100
  step=  30  n= 120  loss=-3.4686
  step=  40  n= 160  loss=-9.9096
  step=  50  n= 200  loss=-6.2799  -> save c3po-final_20260424-sdf-n200
  step=  60  n= 240  loss=-8.2968
  step=  70  n= 280  loss=-0.0315
  step=  75  n= 300  loss=-8.1578  -> save c3po-final_20260424-sdf-n300
  step=  80  n= 320  loss=-2.5773
  step=  90  n= 360  loss=-0.0534
  step= 100  n= 400  loss=-7.5811  -> save c3po-final_20260424-sdf-n400
  step= 110  n= 440  loss=-0.3854
  step= 120  n= 480  loss=-0.0412
  step= 125  n= 500  loss=-1.9764  -> save c3po-final_20260424-sdf-n500
  done sdf; train log at /Users/ella/code-ws/personal/SFT-C3PO/src/data/train_log_final_20260424_sdf.jsonl; checkpoint manifest at /Users/ella/code-ws/personal/SFT-C3PO/src/data/checkpoint_manifest_final_20260424_sdf.jsonl
